<?xml version='1.0' encoding='UTF-8'?>
<testsuite hostname="cachyos-x8664" name="ar.edu.utn.tadp.slox.InterpreterSpec" tests="5" errors="0" failures="0" skipped="0" time="0.062" timestamp="2026-08-13T11:55:52">
          <properties>
[...]
</properties>
          <testcase classname="ar.edu.utn.tadp.slox.InterpreterSpec" name="Arithmetic expressions and string concatenation" time="0.041">
                      
                    </testcase><testcase classname="ar.edu.utn.tadp.slox.InterpreterSpec" name="Control flow with if, while, and for loops" time="0.008">
                      
                    </testcase><testcase classname="ar.edu.utn.tadp.slox.InterpreterSpec" name="First-class functions and lexical closures" time="0.005">
                      
                    </testcase><testcase classname="ar.edu.utn.tadp.slox.InterpreterSpec" name="Classes, initializers, dynamic properties, and inheritance with super" time="0.007">
                      
                    </testcase><testcase classname="ar.edu.utn.tadp.slox.InterpreterSpec" name="Native clock function" time="0.001">
                      
                    </testcase>
          <system-out><![CDATA[]]></system-out>
          <system-err><![CDATA[]]></system-err>
        </testsuite>